# JRE version: Java(TM) SE Runtime Environment (21.0.7+8) (build 21.0.7+8-LTS-245)
# Java VM: Java HotSpot(TM) 64-Bit Server VM (21.0.7+8-LTS-245, mixed mode, emulated-client, sharing, tiered, compressed oops, compressed class ptrs, g1 gc, windows-amd64)
GC Precious Log:
 CardTable entry size: 512
 Card Set container configuration: InlinePtr #cards 4 size 8 Array Of Cards #cards 32 size 80 Howl #buckets 8 coarsen threshold 7372 Howl Bitmap #cards 1024 size 144 coarsen threshold 921 Card regions per heap region 1 cards per card region 8192
 CPUs: 8 total, 8 available
 Memory: 32563M
 Large Page Support: Disabled
 NUMA Support: Disabled
 Compressed Oops: Enabled (Zero based)
 Heap Region Size: 4M
 Heap Min Capacity: 8M
 Heap Initial Capacity: 512M
 Heap Max Capacity: 8144M
 Pre-touch: Disabled
 Parallel Workers: 8
 Concurrent Workers: 2
 Concurrent Refinement Workers: 8
 Periodic GC: Disabled
Heap:
 garbage-first heap   total 180224K, used 151692K [0x0000000603000000, 0x0000000800000000)
  region size 4096K, 26 young (106496K), 3 survivors (12288K)
 Metaspace       used 99447K, committed 100416K, reserved 1179648K
  class space    used 13756K, committed 14208K, reserved 1048576K
GC Heap History (20 events):
Event: 81918.080 GC heap after
{Heap after GC invocations=341 (full 22):
 garbage-first heap   total 221184K, used 49080K [0x0000000603000000, 0x0000000800000000)
  region size 4096K, 1 young (4096K), 1 survivors (4096K)
 Metaspace       used 96717K, committed 97792K, reserved 1179648K
  class space    used 13470K, committed 14016K, reserved 1048576K
}
Event: 82033.436 GC heap before
{Heap before GC invocations=342 (full 22):
 garbage-first heap   total 221184K, used 176056K [0x0000000603000000, 0x0000000800000000)
  region size 4096K, 32 young (131072K), 1 survivors (4096K)
 Metaspace       used 96699K, committed 97792K, reserved 1179648K
  class space    used 13465K, committed 14016K, reserved 1048576K
}
Event: 82033.440 GC heap after
{Heap after GC invocations=343 (full 22):
 garbage-first heap   total 221184K, used 49230K [0x0000000603000000, 0x0000000800000000)
  region size 4096K, 1 young (4096K), 1 survivors (4096K)
 Metaspace       used 96699K, committed 97792K, reserved 1179648K
  class space    used 13465K, committed 14016K, reserved 1048576K
}
Event: 82149.267 GC heap before
{Heap before GC invocations=343 (full 22):
 garbage-first heap   total 221184K, used 176206K [0x0000000603000000, 0x0000000800000000)
  region size 4096K, 32 young (131072K), 1 survivors (4096K)
 Metaspace       used 96699K, committed 97792K, reserved 1179648K
  class space    used 13465K, committed 14016K, reserved 1048576K
}
Event: 82149.271 GC heap after
{Heap after GC invocations=344 (full 22):
 garbage-first heap   total 221184K, used 46523K [0x0000000603000000, 0x0000000800000000)
  region size 4096K, 1 young (4096K), 1 survivors (4096K)
 Metaspace       used 96699K, committed 97792K, reserved 1179648K
  class space    used 13465K, committed 14016K, reserved 1048576K
}
Event: 82263.847 GC heap before
{Heap before GC invocations=344 (full 22):
 garbage-first heap   total 221184K, used 173499K [0x0000000603000000, 0x0000000800000000)
  region size 4096K, 32 young (131072K), 1 survivors (4096K)
 Metaspace       used 96708K, committed 97792K, reserved 1179648K
  class space    used 13467K, committed 14016K, reserved 1048576K
}
Event: 82263.851 GC heap after
{Heap after GC invocations=345 (full 22):
 garbage-first heap   total 221184K, used 46264K [0x0000000603000000, 0x0000000800000000)
  region size 4096K, 1 young (4096K), 1 survivors (4096K)
 Metaspace       used 96708K, committed 97792K, reserved 1179648K
  class space    used 13467K, committed 14016K, reserved 1048576K
}
Event: 82331.257 GC heap before
{Heap before GC invocations=346 (full 22):
 garbage-first heap   total 221184K, used 124088K [0x0000000603000000, 0x0000000800000000)
  region size 4096K, 21 young (86016K), 1 survivors (4096K)
 Metaspace       used 96705K, committed 97792K, reserved 1179648K
  class space    used 13467K, committed 14016K, reserved 1048576K
}
Event: 82331.303 GC heap after
{Heap after GC invocations=347 (full 23):
 garbage-first heap   total 180224K, used 43420K [0x0000000603000000, 0x0000000800000000)
  region size 4096K, 0 young (0K), 0 survivors (0K)
 Metaspace       used 96669K, committed 97792K, reserved 1179648K
  class space    used 13461K, committed 14016K, reserved 1048576K
}
Event: 82332.191 GC heap before
{Heap before GC invocations=347 (full 23):
 garbage-first heap   total 180224K, used 104860K [0x0000000603000000, 0x0000000800000000)
  region size 4096K, 16 young (65536K), 0 survivors (0K)
 Metaspace       used 97176K, committed 98176K, reserved 1179648K
  class space    used 13526K, committed 14016K, reserved 1048576K
}
Event: 82332.196 GC heap after
{Heap after GC invocations=348 (full 23):
 garbage-first heap   total 180224K, used 49561K [0x0000000603000000, 0x0000000800000000)
  region size 4096K, 2 young (8192K), 2 survivors (8192K)
 Metaspace       used 97176K, committed 98176K, reserved 1179648K
  class space    used 13526K, committed 14016K, reserved 1048576K
}
Event: 82332.761 GC heap before
{Heap before GC invocations=349 (full 23):
 garbage-first heap   total 180224K, used 90521K [0x0000000603000000, 0x0000000800000000)
  region size 4096K, 13 young (53248K), 2 survivors (8192K)
 Metaspace       used 97436K, committed 98432K, reserved 1179648K
  class space    used 13571K, committed 14016K, reserved 1048576K
}
Event: 82332.766 GC heap after
{Heap after GC invocations=350 (full 23):
 garbage-first heap   total 180224K, used 52348K [0x0000000603000000, 0x0000000800000000)
  region size 4096K, 3 young (12288K), 3 survivors (12288K)
 Metaspace       used 97436K, committed 98432K, reserved 1179648K
  class space    used 13571K, committed 14016K, reserved 1048576K
}
Event: 82335.784 GC heap before
{Heap before GC invocations=351 (full 23):
 garbage-first heap   total 180224K, used 138364K [0x0000000603000000, 0x0000000800000000)
  region size 4096K, 25 young (102400K), 3 survivors (12288K)
 Metaspace       used 98141K, committed 99136K, reserved 1179648K
  class space    used 13643K, committed 14080K, reserved 1048576K
}
Event: 82335.792 GC heap after
{Heap after GC invocations=352 (full 23):
 garbage-first heap   total 180224K, used 56914K [0x0000000603000000, 0x0000000800000000)
  region size 4096K, 4 young (16384K), 4 survivors (16384K)
 Metaspace       used 98141K, committed 99136K, reserved 1179648K
  class space    used 13643K, committed 14080K, reserved 1048576K
}
Event: 82337.968 GC heap before
{Heap before GC invocations=352 (full 23):
 garbage-first heap   total 180224K, used 138834K [0x0000000603000000, 0x0000000800000000)
  region size 4096K, 24 young (98304K), 4 survivors (16384K)
 Metaspace       used 98610K, committed 99648K, reserved 1179648K
  class space    used 13687K, committed 14144K, reserved 1048576K
}
Event: 82337.976 GC heap after
{Heap after GC invocations=353 (full 23):
 garbage-first heap   total 180224K, used 56543K [0x0000000603000000, 0x0000000800000000)
  region size 4096K, 2 young (8192K), 2 survivors (8192K)
 Metaspace       used 98610K, committed 99648K, reserved 1179648K
  class space    used 13687K, committed 14144K, reserved 1048576K
}
Event: 82338.260 GC heap before
{Heap before GC invocations=353 (full 23):
 garbage-first heap   total 180224K, used 77023K [0x0000000603000000, 0x0000000800000000)
  region size 4096K, 8 young (32768K), 2 survivors (8192K)
 Metaspace       used 98737K, committed 99776K, reserved 1179648K
  class space    used 13705K, committed 14144K, reserved 1048576K
}
Event: 82338.264 GC heap after
{Heap after GC invocations=354 (full 23):
 garbage-first heap   total 180224K, used 57484K [0x0000000603000000, 0x0000000800000000)
  region size 4096K, 2 young (8192K), 2 survivors (8192K)
 Metaspace       used 98737K, committed 99776K, reserved 1179648K
  class space    used 13705K, committed 14144K, reserved 1048576K
}
Event: 82374.714 GC heap before
{Heap before GC invocations=355 (full 23):
 garbage-first heap   total 180224K, used 151692K [0x0000000603000000, 0x0000000800000000)
  region size 4096K, 25 young (102400K), 2 survivors (8192K)
 Metaspace       used 99447K, committed 100416K, reserved 1179648K
  class space    used 13756K, committed 14208K, reserved 1048576K
}

