# JRE version: Java(TM) SE Runtime Environment (21.0.7+8) (build 21.0.7+8-LTS-245)
# Java VM: Java HotSpot(TM) 64-Bit Server VM (21.0.7+8-LTS-245, mixed mode, emulated-client, sharing, tiered, compressed oops, compressed class ptrs, g1 gc, windows-amd64)
GC Precious Log:
 CardTable entry size: 512
 Card Set container configuration: InlinePtr #cards 4 size 8 Array Of Cards #cards 32 size 80 Howl #buckets 8 coarsen threshold 7372 Howl Bitmap #cards 1024 size 144 coarsen threshold 921 Card regions per heap region 1 cards per card region 8192
 CPUs: 8 total, 8 available
 Memory: 32563M
 Large Page Support: Disabled
 NUMA Support: Disabled
 Compressed Oops: Enabled (Zero based)
 Heap Region Size: 4M
 Heap Min Capacity: 8M
 Heap Initial Capacity: 512M
 Heap Max Capacity: 8144M
 Pre-touch: Disabled
 Parallel Workers: 8
 Concurrent Workers: 2
 Concurrent Refinement Workers: 8
 Periodic GC: Disabled
Heap:
 garbage-first heap   total 163840K, used 101385K [0x0000000603000000, 0x0000000800000000)
  region size 4096K, 16 young (65536K), 2 survivors (8192K)
 Metaspace       used 104045K, committed 105216K, reserved 1179648K
  class space    used 13690K, committed 14272K, reserved 1048576K
GC Heap History (20 events):
Event: 73302.816 GC heap before
{Heap before GC invocations=340 (full 47):
 garbage-first heap   total 167936K, used 136647K [0x0000000603000000, 0x0000000800000000)
  region size 4096K, 24 young (98304K), 0 survivors (0K)
 Metaspace       used 101490K, committed 102848K, reserved 1179648K
  class space    used 13469K, committed 14144K, reserved 1048576K
}
Event: 73302.820 GC heap after
{Heap after GC invocations=341 (full 47):
 garbage-first heap   total 167936K, used 48946K [0x0000000603000000, 0x0000000800000000)
  region size 4096K, 2 young (8192K), 2 survivors (8192K)
 Metaspace       used 101490K, committed 102848K, reserved 1179648K
  class space    used 13469K, committed 14144K, reserved 1048576K
}
Event: 73303.295 GC heap before
{Heap before GC invocations=342 (full 47):
 garbage-first heap   total 167936K, used 134962K [0x0000000603000000, 0x0000000800000000)
  region size 4096K, 23 young (94208K), 2 survivors (8192K)
 Metaspace       used 101596K, committed 102912K, reserved 1179648K
  class space    used 13463K, committed 14144K, reserved 1048576K
}
Event: 73303.299 GC heap after
{Heap after GC invocations=343 (full 47):
 garbage-first heap   total 167936K, used 51752K [0x0000000603000000, 0x0000000800000000)
  region size 4096K, 3 young (12288K), 3 survivors (12288K)
 Metaspace       used 101596K, committed 102912K, reserved 1179648K
  class space    used 13463K, committed 14144K, reserved 1048576K
}
Event: 73331.347 GC heap before
{Heap before GC invocations=343 (full 47):
 garbage-first heap   total 167936K, used 64040K [0x0000000603000000, 0x0000000800000000)
  region size 4096K, 7 young (28672K), 3 survivors (12288K)
 Metaspace       used 101619K, committed 102912K, reserved 1179648K
  class space    used 13466K, committed 14144K, reserved 1048576K
}
Event: 73331.402 GC heap after
{Heap after GC invocations=344 (full 48):
 garbage-first heap   total 163840K, used 41552K [0x0000000603000000, 0x0000000800000000)
  region size 4096K, 0 young (0K), 0 survivors (0K)
 Metaspace       used 101582K, committed 102912K, reserved 1179648K
  class space    used 13460K, committed 14144K, reserved 1048576K
}
Event: 73332.011 GC heap before
{Heap before GC invocations=344 (full 48):
 garbage-first heap   total 163840K, used 139856K [0x0000000603000000, 0x0000000800000000)
  region size 4096K, 24 young (98304K), 0 survivors (0K)
 Metaspace       used 102132K, committed 103424K, reserved 1179648K
  class space    used 13512K, committed 14208K, reserved 1048576K
}
Event: 73332.015 GC heap after
{Heap after GC invocations=345 (full 48):
 garbage-first heap   total 163840K, used 48131K [0x0000000603000000, 0x0000000800000000)
  region size 4096K, 2 young (8192K), 2 survivors (8192K)
 Metaspace       used 102132K, committed 103424K, reserved 1179648K
  class space    used 13512K, committed 14208K, reserved 1048576K
}
Event: 73345.315 GC heap before
{Heap before GC invocations=346 (full 48):
 garbage-first heap   total 163840K, used 138243K [0x0000000603000000, 0x0000000800000000)
  region size 4096K, 24 young (98304K), 2 survivors (8192K)
 Metaspace       used 102353K, committed 103616K, reserved 1179648K
  class space    used 13533K, committed 14208K, reserved 1048576K
}
Event: 73345.318 GC heap after
{Heap after GC invocations=347 (full 48):
 garbage-first heap   total 163840K, used 49490K [0x0000000603000000, 0x0000000800000000)
  region size 4096K, 2 young (8192K), 2 survivors (8192K)
 Metaspace       used 102353K, committed 103616K, reserved 1179648K
  class space    used 13533K, committed 14208K, reserved 1048576K
}
Event: 73593.030 GC heap before
{Heap before GC invocations=347 (full 48):
 garbage-first heap   total 163840K, used 135506K [0x0000000603000000, 0x0000000800000000)
  region size 4096K, 24 young (98304K), 2 survivors (8192K)
 Metaspace       used 102564K, committed 103872K, reserved 1179648K
  class space    used 13538K, committed 14208K, reserved 1048576K
}
Event: 73593.096 GC heap after
{Heap after GC invocations=348 (full 49):
 garbage-first heap   total 163840K, used 42140K [0x0000000603000000, 0x0000000800000000)
  region size 4096K, 0 young (0K), 0 survivors (0K)
 Metaspace       used 102558K, committed 103872K, reserved 1179648K
  class space    used 13537K, committed 14208K, reserved 1048576K
}
Event: 73593.739 GC heap before
{Heap before GC invocations=348 (full 49):
 garbage-first heap   total 163840K, used 136348K [0x0000000603000000, 0x0000000800000000)
  region size 4096K, 24 young (98304K), 0 survivors (0K)
 Metaspace       used 103121K, committed 104320K, reserved 1179648K
  class space    used 13603K, committed 14208K, reserved 1048576K
}
Event: 73593.743 GC heap after
{Heap after GC invocations=349 (full 49):
 garbage-first heap   total 163840K, used 48540K [0x0000000603000000, 0x0000000800000000)
  region size 4096K, 2 young (8192K), 2 survivors (8192K)
 Metaspace       used 103121K, committed 104320K, reserved 1179648K
  class space    used 13603K, committed 14208K, reserved 1048576K
}
Event: 73602.447 GC heap before
{Heap before GC invocations=350 (full 49):
 garbage-first heap   total 163840K, used 138652K [0x0000000603000000, 0x0000000800000000)
  region size 4096K, 24 young (98304K), 2 survivors (8192K)
 Metaspace       used 103300K, committed 104512K, reserved 1179648K
  class space    used 13612K, committed 14208K, reserved 1048576K
}
Event: 73602.453 GC heap after
{Heap after GC invocations=351 (full 49):
 garbage-first heap   total 163840K, used 51389K [0x0000000603000000, 0x0000000800000000)
  region size 4096K, 3 young (12288K), 3 survivors (12288K)
 Metaspace       used 103300K, committed 104512K, reserved 1179648K
  class space    used 13612K, committed 14208K, reserved 1048576K
}
Event: 73676.059 GC heap before
{Heap before GC invocations=351 (full 49):
 garbage-first heap   total 163840K, used 75965K [0x0000000603000000, 0x0000000800000000)
  region size 4096K, 10 young (40960K), 3 survivors (12288K)
 Metaspace       used 103310K, committed 104512K, reserved 1179648K
  class space    used 13613K, committed 14208K, reserved 1048576K
}
Event: 73676.115 GC heap after
{Heap after GC invocations=352 (full 50):
 garbage-first heap   total 163840K, used 41692K [0x0000000603000000, 0x0000000800000000)
  region size 4096K, 0 young (0K), 0 survivors (0K)
 Metaspace       used 103272K, committed 104512K, reserved 1179648K
  class space    used 13607K, committed 14208K, reserved 1048576K
}
Event: 73676.729 GC heap before
{Heap before GC invocations=352 (full 50):
 garbage-first heap   total 163840K, used 135900K [0x0000000603000000, 0x0000000800000000)
  region size 4096K, 23 young (94208K), 0 survivors (0K)
 Metaspace       used 103799K, committed 105024K, reserved 1179648K
  class space    used 13672K, committed 14272K, reserved 1048576K
}
Event: 73676.732 GC heap after
{Heap after GC invocations=353 (full 50):
 garbage-first heap   total 163840K, used 48137K [0x0000000603000000, 0x0000000800000000)
  region size 4096K, 2 young (8192K), 2 survivors (8192K)
 Metaspace       used 103799K, committed 105024K, reserved 1179648K
  class space    used 13672K, committed 14272K, reserved 1048576K
}

